<?xml version="1.0" encoding="UTF-8"?>
<?xml-model href="out/criticalAnnots.rng" type="application/xml" schematypens="http://relaxng.org/ns/structure/1.0"?>
<?xml-model href="out/criticalAnnots.rng" type="application/xml" schematypens="http://purl.oclc.org/dsdl/schematron"?>
<critRemarks xmlns="http://baumann-digital.de/ns/criticalRemarks">
    <setting>
        <mdivs>
            <mdiv n="0">Vorspiel</mdiv>
            <mdiv n="1">Chor</mdiv>
        </mdivs>
        <voices>
            <voice key="flute" voiceNo="1">Flöte I</voice>
            <voice key="flute" voiceNo="2">Flöte II</voice>
        </voices>
        <sources>
            <source siglum="SV" sortNo="1">Stichvorlage</source>
            <source siglum="ED" sortNo="2">Erstdruck</source>
        </sources>
        <editions>
            <edition siglum="BauA">Baumann-Ausgabe</edition>
        </editions>
    </setting>
    <remark>
        <item></item>
        <mdiv></mdiv>
        <timing>
            <startPoint measure="1" count="1"/>
            <endPoint measure="1" count="3"/>
        </timing>
        <voices>
            <voice/>
        </voices>
        <layers>
            <layer/>
        </layers>
        <annots>
            <annot></annot>
        </annots>
        <sources>
            <source/>
        </sources>
        <editions>
            <edition/>
        </editions>
    </remark>
</critRemarks>
